<templateSet group="JUnit">
  <template name="junit-service-mockito" value="@RunWith(MockitoJUnitRunner.class)" description="Spring Service Test Mocktio" toReformat="false" toShortenFQNames="true">
    <context>
      <option name="JAVA_CODE" value="true" />
    </context>
  </template>
  <template name="junit-service" value="@RunWith(SpringRunner.class)&#10;@SpringBootTest" description="Junit Spring Service Test" toReformat="false" toShortenFQNames="true">
    <context>
      <option name="JAVA_CODE" value="true" />
    </context>
  </template>
  <template name="junit-repository" value="@ActiveProfiles(&quot;test&quot;)&#10;@RunWith(SpringRunner.class)&#10;@DataJpaTest" description="JUnit Spring Repository Test" toReformat="false" toShortenFQNames="true">
    <context>
      <option name="JAVA_CODE" value="true" />
    </context>
  </template>
  <template name="junit-test-method" value="@Test&#10;public void testYourMethod() {&#10;&#10;}" description="JUnit Test Method" toReformat="false" toShortenFQNames="true">
    <context>
      <option name="JAVA_CODE" value="true" />
    </context>
  </template>
</templateSet>