<templateSet group="JUnit">
  <template name="junit-service-mockito" value="@RunWith(MockitoJUnitRunner.class)" description="Spring Service Test Mocktio" toReformat="false" toShortenFQNames="true">
    <context>
      <option name="JAVA_CODE" value="true" />
    </context>
  </template>
  <template name="junit-service" value="@RunWith(SpringRunner.class)&#10;@SpringBootTest&#10;@EnableAutoConfiguration" description="Junit Spring Service Test" toReformat="false" toShortenFQNames="true">
    <context>
      <option name="JAVA_CODE" value="true" />
    </context>
  </template>
</templateSet>